<?xml version="1.0" encoding="UTF-8"?>
<!-- Generated by org.testng.reporters.JUnitReportReporter -->
<testsuite hostname="C4HSZY2" failures="0" tests="1" name="com.org.testcase.LoginTest" time="69.416" errors="0" timestamp="2022-04-04T23:02:59 IST" skipped="0">
  <testcase classname="com.org.testcase.LoginTest" name="login1" time="69.416"/>
  <system-out/>
</testsuite> <!-- com.org.testcase.LoginTest -->
