<?xml version="1.0" encoding="UTF-8"?>
<!-- Generated by org.testng.reporters.JUnitReportReporter -->
<testsuite hostname="C4HSZY2" failures="0" tests="1" name="com.org.testcase.LoginTest" time="55.026" errors="0" timestamp="2022-04-05T20:17:52 IST" skipped="0">
  <testcase classname="com.org.testcase.LoginTest" name="login1" time="55.026"/>
  <system-out/>
</testsuite> <!-- com.org.testcase.LoginTest -->
