<?xml version="1.0" encoding="UTF-8"?>
<!-- Generated by org.testng.reporters.JUnitReportReporter -->
<testsuite hostname="C4HSZY2" failures="0" tests="1" name="com.org.testcase.LoginTest" time="54.837" errors="0" timestamp="2022-04-01T23:06:36 IST" skipped="0">
  <testcase classname="com.org.testcase.LoginTest" name="login1" time="54.837"/>
  <system-out/>
</testsuite> <!-- com.org.testcase.LoginTest -->
